2021-07-01 09:13:44.717 [main] INFO  com.example.demo.IdeaSpringBootMybatisApplication - Starting IdeaSpringBootMybatisApplication using Java 1.8.0_181 on SK-20210514WNCQ with PID 41136 (E:\projects\easyExcel\target\classes started by Administrator in E:\projects\easyExcel)
2021-07-01 09:13:44.722 [main] INFO  com.example.demo.IdeaSpringBootMybatisApplication - No active profile set, falling back to default profiles: default
2021-07-01 09:13:45.605 [main] INFO  o.s.boot.web.embedded.tomcat.TomcatWebServer - Tomcat initialized with port(s): 8088 (http)
2021-07-01 09:13:45.613 [main] INFO  org.apache.coyote.http11.Http11NioProtocol - Initializing ProtocolHandler ["http-nio-8088"]
2021-07-01 09:13:45.613 [main] INFO  org.apache.catalina.core.StandardService - Starting service [Tomcat]
2021-07-01 09:13:45.614 [main] INFO  org.apache.catalina.core.StandardEngine - Starting Servlet engine: [Apache Tomcat/9.0.41]
2021-07-01 09:13:45.700 [main] INFO  o.a.c.core.ContainerBase.[Tomcat].[localhost].[/] - Initializing Spring embedded WebApplicationContext
2021-07-01 09:13:45.700 [main] INFO  o.s.b.w.s.c.ServletWebServerApplicationContext - Root WebApplicationContext: initialization completed in 926 ms
2021-07-01 09:13:46.066 [main] INFO  o.s.scheduling.concurrent.ThreadPoolTaskExecutor - Initializing ExecutorService 'applicationTaskExecutor'
2021-07-01 09:13:46.124 [main] INFO  o.s.b.a.web.servlet.WelcomePageHandlerMapping - Adding welcome page template: index
2021-07-01 09:13:46.269 [main] INFO  org.apache.coyote.http11.Http11NioProtocol - Starting ProtocolHandler ["http-nio-8088"]
2021-07-01 09:13:46.286 [main] INFO  o.s.boot.web.embedded.tomcat.TomcatWebServer - Tomcat started on port(s): 8088 (http) with context path ''
2021-07-01 09:13:46.294 [main] INFO  com.example.demo.IdeaSpringBootMybatisApplication - Started IdeaSpringBootMybatisApplication in 2.06 seconds (JVM running for 3.247)
2021-07-01 10:09:52.506 [main] INFO  com.example.demo.IdeaSpringBootMybatisApplication - Starting IdeaSpringBootMybatisApplication using Java 1.8.0_181 on SK-20210514WNCQ with PID 44884 (E:\projects\easyExcel\target\classes started by Administrator in E:\projects\easyExcel)
2021-07-01 10:09:52.510 [main] INFO  com.example.demo.IdeaSpringBootMybatisApplication - No active profile set, falling back to default profiles: default
2021-07-01 10:09:53.451 [main] INFO  o.s.boot.web.embedded.tomcat.TomcatWebServer - Tomcat initialized with port(s): 8088 (http)
2021-07-01 10:09:53.458 [main] INFO  org.apache.coyote.http11.Http11NioProtocol - Initializing ProtocolHandler ["http-nio-8088"]
2021-07-01 10:09:53.459 [main] INFO  org.apache.catalina.core.StandardService - Starting service [Tomcat]
2021-07-01 10:09:53.459 [main] INFO  org.apache.catalina.core.StandardEngine - Starting Servlet engine: [Apache Tomcat/9.0.41]
2021-07-01 10:09:53.541 [main] INFO  o.a.c.core.ContainerBase.[Tomcat].[localhost].[/] - Initializing Spring embedded WebApplicationContext
2021-07-01 10:09:53.541 [main] INFO  o.s.b.w.s.c.ServletWebServerApplicationContext - Root WebApplicationContext: initialization completed in 964 ms
2021-07-01 10:09:53.852 [main] INFO  o.s.scheduling.concurrent.ThreadPoolTaskExecutor - Initializing ExecutorService 'applicationTaskExecutor'
2021-07-01 10:09:53.911 [main] INFO  o.s.b.a.web.servlet.WelcomePageHandlerMapping - Adding welcome page template: index
2021-07-01 10:09:54.062 [main] INFO  org.apache.coyote.http11.Http11NioProtocol - Starting ProtocolHandler ["http-nio-8088"]
2021-07-01 10:09:54.077 [main] INFO  o.s.boot.web.embedded.tomcat.TomcatWebServer - Tomcat started on port(s): 8088 (http) with context path ''
2021-07-01 10:09:54.084 [main] INFO  com.example.demo.IdeaSpringBootMybatisApplication - Started IdeaSpringBootMybatisApplication in 2.061 seconds (JVM running for 3.164)
2021-07-01 10:10:06.977 [http-nio-8088-exec-1] INFO  o.a.c.core.ContainerBase.[Tomcat].[localhost].[/] - Initializing Spring DispatcherServlet 'dispatcherServlet'
2021-07-01 10:10:06.977 [http-nio-8088-exec-1] INFO  org.springframework.web.servlet.DispatcherServlet - Initializing Servlet 'dispatcherServlet'
2021-07-01 10:10:06.978 [http-nio-8088-exec-1] INFO  org.springframework.web.servlet.DispatcherServlet - Completed initialization in 1 ms
2021-07-01 10:10:44.719 [http-nio-8088-exec-8] INFO  com.zaxxer.hikari.HikariDataSource - HikariPool-1 - Starting...
2021-07-01 10:10:45.590 [http-nio-8088-exec-8] INFO  com.zaxxer.hikari.HikariDataSource - HikariPool-1 - Start completed.
2021-07-01 10:10:45.657 [http-nio-8088-exec-8] INFO  com.example.demo.controller.UserController - xxxxxxxxxxxxxxxxxxUser{id=1, userName='zhangsan', passWord='123456', realName='lisi'}
2021-07-01 10:11:04.965 [http-nio-8088-exec-9] INFO  com.example.demo.controller.UserController - xxxxxxxxxxxxxxxxxxUser{id=1, userName='zhangsan', passWord='123456', realName='lisi'}
2021-07-01 10:11:05.254 [http-nio-8088-exec-7] INFO  com.example.demo.controller.UserController - xxxxxxxxxxxxxxxxxxUser{id=1, userName='zhangsan', passWord='123456', realName='lisi'}
2021-07-01 10:11:05.408 [http-nio-8088-exec-10] INFO  com.example.demo.controller.UserController - xxxxxxxxxxxxxxxxxxUser{id=1, userName='zhangsan', passWord='123456', realName='lisi'}
2021-07-01 10:11:05.561 [http-nio-8088-exec-1] INFO  com.example.demo.controller.UserController - xxxxxxxxxxxxxxxxxxUser{id=1, userName='zhangsan', passWord='123456', realName='lisi'}
2021-07-01 10:11:05.706 [http-nio-8088-exec-2] INFO  com.example.demo.controller.UserController - xxxxxxxxxxxxxxxxxxUser{id=1, userName='zhangsan', passWord='123456', realName='lisi'}
2021-07-01 10:11:05.849 [http-nio-8088-exec-4] INFO  com.example.demo.controller.UserController - xxxxxxxxxxxxxxxxxxUser{id=1, userName='zhangsan', passWord='123456', realName='lisi'}
2021-07-01 10:11:05.994 [http-nio-8088-exec-3] INFO  com.example.demo.controller.UserController - xxxxxxxxxxxxxxxxxxUser{id=1, userName='zhangsan', passWord='123456', realName='lisi'}
2021-07-01 10:11:06.149 [http-nio-8088-exec-5] INFO  com.example.demo.controller.UserController - xxxxxxxxxxxxxxxxxxUser{id=1, userName='zhangsan', passWord='123456', realName='lisi'}
2021-07-01 10:11:06.289 [http-nio-8088-exec-6] INFO  com.example.demo.controller.UserController - xxxxxxxxxxxxxxxxxxUser{id=1, userName='zhangsan', passWord='123456', realName='lisi'}
2021-07-01 10:11:27.303 [main] INFO  com.example.demo.IdeaSpringBootMybatisApplication - Starting IdeaSpringBootMybatisApplication using Java 1.8.0_181 on SK-20210514WNCQ with PID 47288 (E:\projects\easyExcel\target\classes started by Administrator in E:\projects\easyExcel)
2021-07-01 10:11:27.306 [main] INFO  com.example.demo.IdeaSpringBootMybatisApplication - No active profile set, falling back to default profiles: default
2021-07-01 10:11:27.982 [main] INFO  o.s.boot.web.embedded.tomcat.TomcatWebServer - Tomcat initialized with port(s): 8088 (http)
2021-07-01 10:11:27.988 [main] INFO  org.apache.coyote.http11.Http11NioProtocol - Initializing ProtocolHandler ["http-nio-8088"]
2021-07-01 10:11:27.989 [main] INFO  org.apache.catalina.core.StandardService - Starting service [Tomcat]
2021-07-01 10:11:27.989 [main] INFO  org.apache.catalina.core.StandardEngine - Starting Servlet engine: [Apache Tomcat/9.0.41]
2021-07-01 10:11:28.064 [main] INFO  o.a.c.core.ContainerBase.[Tomcat].[localhost].[/] - Initializing Spring embedded WebApplicationContext
2021-07-01 10:11:28.064 [main] INFO  o.s.b.w.s.c.ServletWebServerApplicationContext - Root WebApplicationContext: initialization completed in 717 ms
2021-07-01 10:11:28.374 [main] INFO  o.s.scheduling.concurrent.ThreadPoolTaskExecutor - Initializing ExecutorService 'applicationTaskExecutor'
2021-07-01 10:11:28.423 [main] INFO  o.s.b.a.web.servlet.WelcomePageHandlerMapping - Adding welcome page template: index
2021-07-01 10:11:28.555 [main] INFO  org.apache.coyote.http11.Http11NioProtocol - Starting ProtocolHandler ["http-nio-8088"]
2021-07-01 10:11:28.568 [main] INFO  o.s.boot.web.embedded.tomcat.TomcatWebServer - Tomcat started on port(s): 8088 (http) with context path ''
2021-07-01 10:11:28.576 [main] INFO  com.example.demo.IdeaSpringBootMybatisApplication - Started IdeaSpringBootMybatisApplication in 1.716 seconds (JVM running for 2.802)
2021-07-01 10:11:55.720 [http-nio-8088-exec-1] INFO  o.a.c.core.ContainerBase.[Tomcat].[localhost].[/] - Initializing Spring DispatcherServlet 'dispatcherServlet'
2021-07-01 10:11:55.721 [http-nio-8088-exec-1] INFO  org.springframework.web.servlet.DispatcherServlet - Initializing Servlet 'dispatcherServlet'
2021-07-01 10:11:55.721 [http-nio-8088-exec-1] INFO  org.springframework.web.servlet.DispatcherServlet - Completed initialization in 0 ms
2021-07-01 10:11:55.755 [http-nio-8088-exec-1] INFO  com.zaxxer.hikari.HikariDataSource - HikariPool-1 - Starting...
2021-07-01 10:11:56.468 [http-nio-8088-exec-1] INFO  com.zaxxer.hikari.HikariDataSource - HikariPool-1 - Start completed.
